#
# A fatal error has been detected by the Java Runtime Environment:
#
#  SIGSEGV (0xb) at pc=0x0000000000000000, pid=6149, tid=0x0000000000011507
#
# JRE version: Java(TM) SE Runtime Environment (8.0_92-b14) (build 1.8.0_92-b14)
# Java VM: Java HotSpot(TM) 64-Bit Server VM (25.92-b14 mixed mode bsd-amd64 compressed oops)
# Problematic frame:
# C  0x0000000000000000
#
# Failed to write core dump. Core dumps have been disabled. To enable core dumping, try "ulimit -c unlimited" before starting Java again
#
# If you would like to submit a bug report, please visit:
#   http://bugreport.java.com/bugreport/crash.jsp
#

---------------  T H R E A D  ---------------

Current thread is native thread

siginfo: si_signo: 11 (SIGSEGV), si_code: 1 (SEGV_MAPERR), si_addr: 0x0000000000000000

Registers:
RAX=0x000000011d6d1508, RBX=0x00000000000161b0, RCX=0x0000000000000010, RDX=0xfffffffffffffff0
RSP=0x000070000155b9e8, RBP=0x000070000155ba90, RSI=0x0000000000000000, RDI=0x00007f9af9424a00
R8 =0x0000000000000200, R9 =0x00007f9af5553520, R10=0x0000000000000000, R11=0x0000000000000270
R12=0x00007f9af55532b0, R13=0x00007f9af9424a00, R14=0x0000000000000200, R15=0x0000000000000800
RIP=0x0000000000000000, EFLAGS=0x0000000000010246, ERR=0x0000000000000014
  TRAPNO=0x000000000000000e

Top of Stack: (sp=0x000070000155b9e8)
0x000070000155b9e8:   000000011d6a3639 0000000000000000
0x000070000155b9f8:   0000000000000000 00007f9af942cbb0
0x000070000155ba08:   000000011c909010 00007f9af942abb0
0x000070000155ba18:   0000020032aaaba2 0000000000000000
0x000070000155ba28:   0000000000000800 0000000000000200
0x000070000155ba38:   00007f9af9428bb0 00007f9af9424a00
0x000070000155ba48:   0000020000000000 0000000000000000
0x000070000155ba58:   000000000000037f eb009135f8552c91
0x000070000155ba68:   00007f9af5552e18 00007f9af55532b0
0x000070000155ba78:   00007f9af5552da0 0000000000000200
0x000070000155ba88:   00007f9af5553520 000070000155baa0
0x000070000155ba98:   000000011d6b32ef 000070000155bb20
0x000070000155baa8:   0000000122c12e2b 000000010340c000
0x000070000155bab8:   0000000103410400 00007f9af93bd5f8
0x000070000155bac8:   00007f9af93bd400 000000000155bbc0
0x000070000155bad8:   000070000155bc78 000070000155bc80
0x000070000155bae8:   00007f9af55532b0 0000020000000000
0x000070000155baf8:   000070000155bc78 00007f9af93bd400
0x000070000155bb08:   00007f9af5552b70 00007f9af5552c80
0x000070000155bb18:   0000000000000200 000070000155bb70
0x000070000155bb28:   0000000122c10ff4 000070000155bc20
0x000070000155bb38:   000070000155bc80 0000000000000000
0x000070000155bb48:   000070000155bc78 00007f9af93bd400
0x000070000155bb58:   00007f9af5552c80 0000000000000200
0x000070000155bb68:   00007f9af5552c80 000070000155bbe0
0x000070000155bb78:   0000000122c0f9de 00007f9af5552c80
0x000070000155bb88:   00007f9af5552b70 000070000155bc78
0x000070000155bb98:   00001fa0896efee1 000070000155bc80
0x000070000155bba8:   0000000000000000 00009fe000000000
0x000070000155bbb8:   00007f9af55532d0 000000011c9070e0
0x000070000155bbc8:   00007f9af93bd400 00007f9af93bd6e8
0x000070000155bbd8:   00007f9af5552c80 000070000155bcf0 

Instructions: (pc=0x0000000000000000)
0xffffffffffffffe0:   

Register to memory mapping:

RAX=