[17:44:43] [main/INFO]: Setting user: Player823
[17:44:45] [Client thread/INFO]: LWJGL Version: 2.9.1
[17:45:08] [Client thread/INFO]: Reloading ResourceManager: Default, FMLFileResourcePack:Forge Mod Loader, FMLFileResourcePack:Minecraft Forge, FMLFileResourcePack:DummyCore, FMLFileResourcePack:Buffed Tools
[17:45:09] [Sound Library Loader/INFO]: Sound engine started
[17:45:12] [Client thread/INFO]: Created: 16x16 textures/blocks-atlas
[17:45:12] [Client thread/INFO]: Created: 16x16 textures/items-atlas
[17:45:12] [Client thread/INFO]: Reloading ResourceManager: Default, FMLFileResourcePack:Forge Mod Loader, FMLFileResourcePack:Minecraft Forge, FMLFileResourcePack:DummyCore, FMLFileResourcePack:Buffed Tools
[17:45:13] [Client thread/INFO]: Created: 512x256 textures/blocks-atlas
[17:45:13] [Client thread/INFO]: Created: 256x256 textures/items-atlas
[17:45:14] [Sound Library Loader/INFO]: Sound engine started
[17:45:21] [Server thread/INFO]: Starting integrated minecraft server version 1.7.10
[17:45:21] [Server thread/INFO]: Generating keypair
[17:45:22] [Server thread/INFO]: Preparing start region for level 0
[17:45:24] [Server thread/INFO]: Preparing spawn area: 1%
[17:45:25] [Server thread/INFO]: Preparing spawn area: 11%
[17:45:26] [Server thread/INFO]: Preparing spawn area: 30%
[17:45:27] [Server thread/INFO]: Preparing spawn area: 83%
[17:45:27] [Server thread/INFO]: Changing view distance to 12, from 10
[17:45:28] [Server thread/INFO]: Player823[local:E:22836dde] logged in with entity id 440 at (-112.31173431678442, 72.0, 246.55401851767007)
[17:45:28] [Server thread/INFO]: Player823 加入了游戏
[17:45:29] [Server thread/INFO]: Saving and pausing game...
[17:45:29] [Server thread/INFO]: Saving chunks for level '新的世界3'/Overworld
[17:45:29] [Server thread/INFO]: Saving chunks for level '新的世界3'/Nether
[17:45:29] [Server thread/INFO]: Saving chunks for level '新的世界3'/The End
[17:46:11] [Server thread/INFO]: Player823 刚刚获得了 [打开物品栏] 成就！
[17:46:11] [Client thread/INFO]: [CHAT] Player823 刚刚获得了 [打开物品栏] 成就！
[17:46:17] [Server thread/INFO]: [Player823: 您的游戏模式已被设置为 创造模式 ]
[17:46:17] [Client thread/INFO]: [CHAT] 您的游戏模式已更新
[17:46:43] [Server thread/INFO]: [Player823: 您的游戏模式已被设置为 生存模式 ]
[17:46:43] [Client thread/INFO]: [CHAT] 您的游戏模式已更新
[17:46:44] [Server thread/INFO]: <Player823> magic
[17:46:44] [Client thread/INFO]: [CHAT] <Player823> magic
[17:46:45] [Server thread/INFO]: <Player823> magic
[17:46:45] [Client thread/INFO]: [CHAT] <Player823> magic
[17:46:46] [Server thread/INFO]: <Player823> magic
[17:46:46] [Client thread/INFO]: [CHAT] <Player823> magic
[17:46:47] [Server thread/INFO]: <Player823> magic
[17:46:47] [Client thread/INFO]: [CHAT] <Player823> magic
[17:46:49] [Server thread/INFO]: <Player823> magic
[17:46:49] [Client thread/INFO]: [CHAT] <Player823> magic
[17:46:50] [Server thread/INFO]: <Player823> magic
[17:46:50] [Client thread/INFO]: [CHAT] <Player823> magic
[17:46:51] [Server thread/INFO]: <Player823> magic
[17:46:51] [Client thread/INFO]: [CHAT] <Player823> magic
[17:46:52] [Server thread/INFO]: <Player823> magic
[17:46:52] [Client thread/INFO]: [CHAT] <Player823> magic
[17:46:53] [Client thread/INFO]: Stopping!
[17:46:53] [Server thread/INFO]: Stopping server
[17:46:53] [Server thread/INFO]: Saving players
[17:46:53] [Server thread/INFO]: Saving worlds
[17:46:53] [Server thread/INFO]: Saving chunks for level '新的世界3'/Overworld
[17:46:53] [Server thread/INFO]: Saving chunks for level '新的世界3'/Nether
[17:46:53] [Server thread/INFO]: Saving chunks for level '新的世界3'/The End
